<?xml version="1.0" encoding="UTF-8"?>
<!-- Generated by org.testng.reporters.JUnitXMLReporter -->
<testsuite hostname="DESKTOP-32ERK54" ignored="0" name="Default test" tests="5" failures="0" timestamp="03 May 2020 10:56:11 GMT" time="14.895" errors="0">
  <testcase name="post" time="5.305" classname="APl.API_Testing.API_DataProvider"/>
  <testcase name="post" time="1.813" classname="APl.API_Testing.API_DataProvider"/>
  <testcase name="post" time="1.637" classname="APl.API_Testing.API_DataProvider"/>
  <testcase name="post" time="1.424" classname="APl.API_Testing.API_DataProvider"/>
  <testcase name="post" time="1.222" classname="APl.API_Testing.API_DataProvider"/>
</testsuite> <!-- Default test -->
