<?xml version="1.0" encoding="UTF-8"?>
<testng-results skipped="0" failed="0" ignored="0" total="5" passed="5">
  <reporter-output>
  </reporter-output>
  <suite name="Default suite" duration-ms="14895" started-at="2020-05-03T10:55:56Z" finished-at="2020-05-03T10:56:11Z">
    <groups>
    </groups>
    <test name="Default test" duration-ms="14895" started-at="2020-05-03T10:55:56Z" finished-at="2020-05-03T10:56:11Z">
      <class name="APl.API_Testing.API_DataProvider">
        <test-method status="PASS" signature="post(java.lang.String, java.lang.String, java.lang.String)[pri:0, instance:APl.API_Testing.API_DataProvider@16c48ac]" name="post" duration-ms="5305" started-at="2020-05-03T10:55:59Z" data-provider="datas" finished-at="2020-05-03T10:56:05Z">
          <params>
            <param index="0">
              <value>
                <![CDATA[kannan]]>
              </value>
            </param>
            <param index="1">
              <value>
                <![CDATA[50000]]>
              </value>
            </param>
            <param index="2">
              <value>
                <![CDATA[26]]>
              </value>
            </param>
          </params>
          <reporter-output>
          </reporter-output>
        </test-method> <!-- post -->
        <test-method status="PASS" signature="post(java.lang.String, java.lang.String, java.lang.String)[pri:0, instance:APl.API_Testing.API_DataProvider@16c48ac]" name="post" duration-ms="1813" started-at="2020-05-03T10:56:05Z" data-provider="datas" finished-at="2020-05-03T10:56:07Z">
          <params>
            <param index="0">
              <value>
                <![CDATA[raja]]>
              </value>
            </param>
            <param index="1">
              <value>
                <![CDATA[70000]]>
              </value>
            </param>
            <param index="2">
              <value>
                <![CDATA[30]]>
              </value>
            </param>
          </params>
          <reporter-output>
          </reporter-output>
        </test-method> <!-- post -->
        <test-method status="PASS" signature="post(java.lang.String, java.lang.String, java.lang.String)[pri:0, instance:APl.API_Testing.API_DataProvider@16c48ac]" name="post" duration-ms="1637" started-at="2020-05-03T10:56:07Z" data-provider="datas" finished-at="2020-05-03T10:56:08Z">
          <params>
            <param index="0">
              <value>
                <![CDATA[gowri]]>
              </value>
            </param>
            <param index="1">
              <value>
                <![CDATA[80000]]>
              </value>
            </param>
            <param index="2">
              <value>
                <![CDATA[25]]>
              </value>
            </param>
          </params>
          <reporter-output>
          </reporter-output>
        </test-method> <!-- post -->
        <test-method status="PASS" signature="post(java.lang.String, java.lang.String, java.lang.String)[pri:0, instance:APl.API_Testing.API_DataProvider@16c48ac]" name="post" duration-ms="1424" started-at="2020-05-03T10:56:08Z" data-provider="datas" finished-at="2020-05-03T10:56:10Z">
          <params>
            <param index="0">
              <value>
                <![CDATA[asi]]>
              </value>
            </param>
            <param index="1">
              <value>
                <![CDATA[5000]]>
              </value>
            </param>
            <param index="2">
              <value>
                <![CDATA[26]]>
              </value>
            </param>
          </params>
          <reporter-output>
          </reporter-output>
        </test-method> <!-- post -->
        <test-method status="PASS" signature="post(java.lang.String, java.lang.String, java.lang.String)[pri:0, instance:APl.API_Testing.API_DataProvider@16c48ac]" name="post" duration-ms="1222" started-at="2020-05-03T10:56:10Z" data-provider="datas" finished-at="2020-05-03T10:56:11Z">
          <params>
            <param index="0">
              <value>
                <![CDATA[yuvaraj]]>
              </value>
            </param>
            <param index="1">
              <value>
                <![CDATA[60000]]>
              </value>
            </param>
            <param index="2">
              <value>
                <![CDATA[28]]>
              </value>
            </param>
          </params>
          <reporter-output>
          </reporter-output>
        </test-method> <!-- post -->
      </class> <!-- APl.API_Testing.API_DataProvider -->
    </test> <!-- Default test -->
  </suite> <!-- Default suite -->
</testng-results>
